\BOOKMARK [1][]{section*.1}{\376\377\000P\000o\000s\000i\000t\000i\000o\000n\000s}{}% 1
\BOOKMARK [1][]{section*.2}{\376\377\000E\000d\000u\000c\000a\000t\000i\000o\000n}{}% 2
\BOOKMARK [1][]{section*.3}{\376\377\000S\000c\000h\000o\000l\000a\000r\000s\000h\000i\000p\000s\000,\000\040\000g\000r\000a\000n\000t\000s\000\040\000a\000n\000d\000\040\000a\000w\000a\000r\000d\000s}{}% 3
\BOOKMARK [1][]{section*.4}{\376\377\000R\000e\000s\000e\000a\000r\000c\000h\000\040\000s\000t\000a\000y\000s}{}% 4
\BOOKMARK [1][]{section*.5}{\376\377\000I\000n\000v\000i\000t\000a\000t\000i\000o\000n\000s\000\040\000t\000o\000\040\000c\000o\000n\000f\000e\000r\000e\000n\000c\000e\000s\000\040\000a\000n\000d\000\040\000w\000o\000r\000k\000s\000h\000o\000p\000s}{}% 5
\BOOKMARK [1][]{section*.6}{\376\377\000I\000n\000v\000i\000t\000e\000d\000\040\000r\000e\000s\000e\000a\000r\000c\000h\000\040\000s\000e\000m\000i\000n\000a\000r\000\040\000t\000a\000l\000k\000s}{}% 6
\BOOKMARK [1][]{section*.7}{\376\377\000O\000r\000g\000a\000n\000i\000z\000e\000d\000\040\000c\000o\000n\000f\000e\000r\000e\000n\000c\000e\000s\000\040\000a\000n\000d\000\040\000w\000o\000r\000k\000s\000h\000o\000p\000s}{}% 7
\BOOKMARK [1][]{section*.8}{\376\377\000S\000e\000l\000e\000c\000t\000i\000o\000n\000\040\000o\000f\000\040\000c\000o\000n\000f\000e\000r\000e\000n\000c\000e\000\040\000a\000n\000d\000\040\000w\000o\000r\000k\000s\000h\000o\000p\000\040\000p\000a\000r\000t\000i\000c\000i\000p\000a\000t\000i\000o\000n\000s}{}% 8
\BOOKMARK [1][]{section*.9}{\376\377\000T\000e\000a\000c\000h\000i\000n\000g\000\040\000e\000x\000p\000e\000r\000i\000e\000n\000c\000e}{}% 9
\BOOKMARK [2][]{section*.10}{\376\377\000U\000n\000i\000v\000e\000r\000s\000i\000t\000y\000\040\000o\000f\000\040\000M\000\374\000n\000s\000t\000e\000r\000\040}{section*.9}% 10
\BOOKMARK [2][]{section*.11}{\376\377\000U\000n\000i\000v\000e\000r\000s\000i\000t\000y\000\040\000o\000f\000\040\000F\000r\000e\000i\000b\000u\000r\000g\000\040\000\050\000a\000s\000\040\000a\000\040\000t\000u\000t\000o\000r\000\051\000\040}{section*.9}% 11
\BOOKMARK [2][]{section*.12}{\376\377\000H\000i\000g\000h\000\040\000S\000c\000h\000o\000o\000l\000\040\000T\000e\000a\000c\000h\000i\000n\000g\000\040\000\046\000\040\000I\000n\000s\000t\000r\000u\000c\000t\000i\000o\000n\000\040}{section*.9}% 12
\BOOKMARK [1][]{section*.13}{\376\377\000S\000c\000i\000e\000n\000t\000i\000f\000i\000c\000\040\000m\000e\000m\000b\000e\000r\000s\000h\000i\000p\000s}{}% 13
\BOOKMARK [1][]{section*.14}{\376\377\000A\000c\000a\000d\000e\000m\000i\000c\000\040\000s\000e\000r\000v\000i\000c\000e\000s}{}% 14
\BOOKMARK [1][]{section*.15}{\376\377\000L\000a\000n\000g\000u\000a\000g\000e\000\040\000s\000k\000i\000l\000l\000s}{}% 15
\BOOKMARK [1][]{section*.16}{\376\377\000T\000e\000c\000h\000n\000i\000c\000a\000l\000\040\000s\000k\000i\000l\000l\000s}{}% 16
\BOOKMARK [1][]{section*.17}{\376\377\000L\000i\000s\000t\000\040\000o\000f\000\040\000p\000u\000b\000l\000i\000c\000a\000t\000i\000o\000n\000s}{}% 17
\BOOKMARK [2][]{section*.18}{\376\377\000P\000e\000e\000r\000-\000r\000e\000v\000i\000e\000w\000e\000d\000\040\000a\000r\000t\000i\000c\000l\000e\000s}{section*.17}% 18
\BOOKMARK [2][]{section*.19}{\376\377\000S\000u\000r\000v\000e\000y\000s\000\040\000a\000n\000d\000\040\000R\000e\000p\000o\000r\000t\000s}{section*.17}% 19
\BOOKMARK [2][]{section*.20}{\376\377\000T\000h\000e\000s\000e\000s}{section*.17}% 20
